<?xml version="1.0" encoding="UTF-8"?>
<testng-results ignored="0" total="1" passed="1" failed="0" skipped="0">
  <reporter-output>
  </reporter-output>
  <suite started-at="2024-06-30T21:25:16 IST" name="Login Test Suite" finished-at="2024-06-30T21:25:23 IST" duration-ms="7128">
    <groups>
    </groups>
    <test started-at="2024-06-30T21:25:16 IST" name="Login Tests" finished-at="2024-06-30T21:25:23 IST" duration-ms="7128">
      <class name="com.aakash.tests.LoginTest">
        <test-method is-config="true" signature="setUp()[pri:0, instance:com.aakash.tests.LoginTest@50ad3bc1]" started-at="2024-06-30T21:25:16 IST" name="setUp" finished-at="2024-06-30T21:25:22 IST" duration-ms="6171" status="PASS">
          <reporter-output>
          </reporter-output>
        </test-method> <!-- setUp -->
        <test-method signature="testValidLogin()[pri:0, instance:com.aakash.tests.LoginTest@50ad3bc1]" started-at="2024-06-30T21:25:22 IST" name="testValidLogin" finished-at="2024-06-30T21:25:22 IST" duration-ms="273" status="PASS">
          <reporter-output>
          </reporter-output>
        </test-method> <!-- testValidLogin -->
        <test-method is-config="true" signature="tearDown(org.testng.ITestResult)[pri:0, instance:com.aakash.tests.LoginTest@50ad3bc1]" started-at="2024-06-30T21:25:22 IST" name="tearDown" finished-at="2024-06-30T21:25:23 IST" duration-ms="417" status="PASS">
          <params>
            <param index="0">
              <value>
                <![CDATA[[TestResult name=testValidLogin status=SUCCESS method=LoginTest.testValidLogin()[pri:0, instance:com.aakash.tests.LoginTest@50ad3bc1] output={null}]]]>
              </value>
            </param>
          </params>
          <reporter-output>
          </reporter-output>
        </test-method> <!-- tearDown -->
        <test-method is-config="true" signature="cleanUp()[pri:0, instance:com.aakash.tests.LoginTest@50ad3bc1]" started-at="2024-06-30T21:25:23 IST" name="cleanUp" finished-at="2024-06-30T21:25:23 IST" duration-ms="216" status="PASS">
          <reporter-output>
          </reporter-output>
        </test-method> <!-- cleanUp -->
      </class> <!-- com.aakash.tests.LoginTest -->
    </test> <!-- Login Tests -->
  </suite> <!-- Login Test Suite -->
</testng-results>
